<?xml version="1.0" encoding="UTF-8"?>
<testng-results skipped="0" failed="0" ignored="0" total="1" passed="1">
  <reporter-output>
  </reporter-output>
  <suite name="Default suite" duration-ms="14108" started-at="2019-03-25T03:17:19Z" finished-at="2019-03-25T03:17:33Z">
    <groups>
    </groups>
    <test name="Default test" duration-ms="14108" started-at="2019-03-25T03:17:19Z" finished-at="2019-03-25T03:17:33Z">
      <class name="com.project.SalesForceCRM.TC_001">
        <test-method status="PASS" signature="startUp()[pri:0, instance:com.project.SalesForceCRM.TC_001@7d9d1a19]" name="startUp" is-config="true" duration-ms="14047" started-at="2019-03-25T03:17:19Z" finished-at="2019-03-25T03:17:33Z">
          <reporter-output>
          </reporter-output>
        </test-method> <!-- startUp -->
        <test-method status="PASS" signature="launch()[pri:0, instance:com.project.SalesForceCRM.TC_001@7d9d1a19]" name="launch" duration-ms="10" started-at="2019-03-25T03:17:33Z" finished-at="2019-03-25T03:17:33Z">
          <reporter-output>
          </reporter-output>
        </test-method> <!-- launch -->
        <test-method status="PASS" signature="endProcess()[pri:0, instance:com.project.SalesForceCRM.TC_001@7d9d1a19]" name="endProcess" is-config="true" duration-ms="1" started-at="2019-03-25T03:17:33Z" finished-at="2019-03-25T03:17:33Z">
          <reporter-output>
          </reporter-output>
        </test-method> <!-- endProcess -->
      </class> <!-- com.project.SalesForceCRM.TC_001 -->
    </test> <!-- Default test -->
  </suite> <!-- Default suite -->
</testng-results>
